<?xml version="1.0" encoding="UTF-8"?>
<testsuite name="com.example.mongotestgradle.MongoTestGradleApplicationTests" tests="1" skipped="0" failures="0" errors="0" timestamp="2023-02-15T00:54:32" hostname="DESKTOP-PEB2BPO" time="0.537">
  <properties/>
  <testcase name="contextLoads()" classname="com.example.mongotestgradle.MongoTestGradleApplicationTests" time="0.537"/>
  <system-out><![CDATA[19:54:27.249 [Test worker] DEBUG org.springframework.test.context.BootstrapUtils - Instantiating CacheAwareContextLoaderDelegate from class [org.springframework.test.context.cache.DefaultCacheAwareContextLoaderDelegate]
19:54:27.273 [Test worker] DEBUG org.springframework.test.context.BootstrapUtils - Instantiating BootstrapContext using constructor [public org.springframework.test.context.support.DefaultBootstrapContext(java.lang.Class,org.springframework.test.context.CacheAwareContextLoaderDelegate)]
19:54:27.317 [Test worker] DEBUG org.springframework.test.context.BootstrapUtils - Instantiating TestContextBootstrapper for test class [com.example.mongotestgradle.MongoTestGradleApplicationTests] from class [org.springframework.boot.test.context.SpringBootTestContextBootstrapper]
19:54:27.341 [Test worker] INFO org.springframework.boot.test.context.SpringBootTestContextBootstrapper - Neither @ContextConfiguration nor @ContextHierarchy found for test class [com.example.mongotestgradle.MongoTestGradleApplicationTests], using SpringBootContextLoader
19:54:27.347 [Test worker] DEBUG org.springframework.test.context.support.AbstractContextLoader - Did not detect default resource location for test class [com.example.mongotestgradle.MongoTestGradleApplicationTests]: class path resource [com/example/mongotestgradle/MongoTestGradleApplicationTests-context.xml] does not exist
19:54:27.348 [Test worker] DEBUG org.springframework.test.context.support.AbstractContextLoader - Did not detect default resource location for test class [com.example.mongotestgradle.MongoTestGradleApplicationTests]: class path resource [com/example/mongotestgradle/MongoTestGradleApplicationTestsContext.groovy] does not exist
19:54:27.348 [Test worker] INFO org.springframework.test.context.support.AbstractContextLoader - Could not detect default resource locations for test class [com.example.mongotestgradle.MongoTestGradleApplicationTests]: no resource found for suffixes {-context.xml, Context.groovy}.
19:54:27.350 [Test worker] INFO org.springframework.test.context.support.AnnotationConfigContextLoaderUtils - Could not detect default configuration classes for test class [com.example.mongotestgradle.MongoTestGradleApplicationTests]: MongoTestGradleApplicationTests does not declare any static, non-private, non-final, nested classes annotated with @Configuration.
19:54:27.409 [Test worker] DEBUG org.springframework.test.context.support.ActiveProfilesUtils - Could not find an 'annotation declaring class' for annotation type [org.springframework.test.context.ActiveProfiles] and class [com.example.mongotestgradle.MongoTestGradleApplicationTests]
19:54:27.501 [Test worker] DEBUG org.springframework.context.annotation.ClassPathScanningCandidateComponentProvider - Identified candidate component class: file [D:\Personal\Documents\CETAD\MongoDB\MongoTestGradle\build\classes\java\main\com\example\mongotestgradle\MongoTestGradleApplication.class]
19:54:27.502 [Test worker] INFO org.springframework.boot.test.context.SpringBootTestContextBootstrapper - Found @SpringBootConfiguration com.example.mongotestgradle.MongoTestGradleApplication for test class com.example.mongotestgradle.MongoTestGradleApplicationTests
19:54:27.646 [Test worker] DEBUG org.springframework.boot.test.context.SpringBootTestContextBootstrapper - @TestExecutionListeners is not present for class [com.example.mongotestgradle.MongoTestGradleApplicationTests]: using defaults.
19:54:27.647 [Test worker] INFO org.springframework.boot.test.context.SpringBootTestContextBootstrapper - Loaded default TestExecutionListener class names from location [META-INF/spring.factories]: [org.springframework.boot.test.autoconfigure.restdocs.RestDocsTestExecutionListener, org.springframework.boot.test.autoconfigure.web.client.MockRestServiceServerResetTestExecutionListener, org.springframework.boot.test.autoconfigure.web.servlet.MockMvcPrintOnlyOnFailureTestExecutionListener, org.springframework.boot.test.autoconfigure.web.servlet.WebDriverTestExecutionListener, org.springframework.boot.test.autoconfigure.webservices.client.MockWebServiceServerTestExecutionListener, org.springframework.boot.test.mock.mockito.MockitoTestExecutionListener, org.springframework.boot.test.mock.mockito.ResetMocksTestExecutionListener, org.springframework.test.context.web.ServletTestExecutionListener, org.springframework.test.context.support.DirtiesContextBeforeModesTestExecutionListener, org.springframework.test.context.support.DependencyInjectionTestExecutionListener, org.springframework.test.context.support.DirtiesContextTestExecutionListener, org.springframework.test.context.transaction.TransactionalTestExecutionListener, org.springframework.test.context.jdbc.SqlScriptsTestExecutionListener, org.springframework.test.context.event.EventPublishingTestExecutionListener]
19:54:27.693 [Test worker] INFO org.springframework.boot.test.context.SpringBootTestContextBootstrapper - Using TestExecutionListeners: [org.springframework.test.context.web.ServletTestExecutionListener@329a1243, org.springframework.test.context.support.DirtiesContextBeforeModesTestExecutionListener@ecf9fb3, org.springframework.boot.test.mock.mockito.MockitoTestExecutionListener@2d35442b, org.springframework.boot.test.autoconfigure.SpringBootDependencyInjectionTestExecutionListener@27f9e982, org.springframework.test.context.support.DirtiesContextTestExecutionListener@4593ff34, org.springframework.test.context.transaction.TransactionalTestExecutionListener@37d3d232, org.springframework.test.context.jdbc.SqlScriptsTestExecutionListener@30c0ccff, org.springframework.test.context.event.EventPublishingTestExecutionListener@581d969c, org.springframework.boot.test.autoconfigure.restdocs.RestDocsTestExecutionListener@22db8f4, org.springframework.boot.test.autoconfigure.web.client.MockRestServiceServerResetTestExecutionListener@2b46a8c1, org.springframework.boot.test.autoconfigure.web.servlet.MockMvcPrintOnlyOnFailureTestExecutionListener@1d572e62, org.springframework.boot.test.autoconfigure.web.servlet.WebDriverTestExecutionListener@29caf222, org.springframework.boot.test.autoconfigure.webservices.client.MockWebServiceServerTestExecutionListener@46cf05f7, org.springframework.boot.test.mock.mockito.ResetMocksTestExecutionListener@5851bd4f]
19:54:27.698 [Test worker] DEBUG org.springframework.test.context.support.AbstractDirtiesContextTestExecutionListener - Before test class: context [DefaultTestContext@3c291aad testClass = MongoTestGradleApplicationTests, testInstance = [null], testMethod = [null], testException = [null], mergedContextConfiguration = [WebMergedContextConfiguration@2d0566ba testClass = MongoTestGradleApplicationTests, locations = '{}', classes = '{class com.example.mongotestgradle.MongoTestGradleApplication}', contextInitializerClasses = '[]', activeProfiles = '{}', propertySourceLocations = '{}', propertySourceProperties = '{org.springframework.boot.test.context.SpringBootTestContextBootstrapper=true}', contextCustomizers = set[org.springframework.boot.test.autoconfigure.properties.PropertyMappingContextCustomizer@0, org.springframework.boot.test.autoconfigure.web.servlet.WebDriverContextCustomizerFactory$Customizer@4c4d27c8, org.springframework.boot.test.context.filter.ExcludeFilterContextCustomizer@10993713, org.springframework.boot.test.json.DuplicateJsonObjectContextCustomizerFactory$DuplicateJsonObjectContextCustomizer@72cf2de5, org.springframework.boot.test.mock.mockito.MockitoContextCustomizer@0, org.springframework.boot.test.web.client.TestRestTemplateContextCustomizer@7b324585, org.springframework.boot.test.context.SpringBootTestArgs@1], resourceBasePath = 'src/main/webapp', contextLoader = 'org.springframework.boot.test.context.SpringBootContextLoader', parent = [null]], attributes = map['org.springframework.test.context.web.ServletTestExecutionListener.activateListener' -> true]], class annotated with @DirtiesContext [false] with mode [null].
19:54:27.732 [Test worker] DEBUG org.springframework.test.context.support.TestPropertySourceUtils - Adding inlined properties to environment: {spring.jmx.enabled=false, org.springframework.boot.test.context.SpringBootTestContextBootstrapper=true}

  .   ____          _            __ _ _
 /\\ / ___'_ __ _ _(_)_ __  __ _ \ \ \ \
( ( )\___ | '_ | '_| | '_ \/ _` | \ \ \ \
 \\/  ___)| |_)| | | | | || (_| |  ) ) ) )
  '  |____| .__|_| |_|_| |_\__, | / / / /
 =========|_|==============|___/=/_/_/_/
 :: Spring Boot ::        (v2.3.0.RELEASE)

2023-02-14 19:54:28.236  INFO 5980 --- [    Test worker] c.e.m.MongoTestGradleApplicationTests    : Starting MongoTestGradleApplicationTests on DESKTOP-PEB2BPO with PID 5980 (started by Personal in D:\Personal\Documents\CETAD\MongoDB\MongoTestGradle)
2023-02-14 19:54:28.238  INFO 5980 --- [    Test worker] c.e.m.MongoTestGradleApplicationTests    : No active profile set, falling back to default profiles: default
2023-02-14 19:54:29.252  INFO 5980 --- [    Test worker] .s.d.r.c.RepositoryConfigurationDelegate : Bootstrapping Spring Data MongoDB repositories in DEFAULT mode.
2023-02-14 19:54:29.326  INFO 5980 --- [    Test worker] .s.d.r.c.RepositoryConfigurationDelegate : Finished Spring Data repository scanning in 66ms. Found 1 MongoDB repository interfaces.
2023-02-14 19:54:30.216  INFO 5980 --- [    Test worker] org.mongodb.driver.cluster               : Cluster created with settings {hosts=[localhost:27017], mode=SINGLE, requiredClusterType=UNKNOWN, serverSelectionTimeout='30000 ms'}
2023-02-14 19:54:30.352  INFO 5980 --- [localhost:27017] org.mongodb.driver.connection            : Opened connection [connectionId{localValue:1, serverValue:27}] to localhost:27017
2023-02-14 19:54:30.361  INFO 5980 --- [localhost:27017] org.mongodb.driver.cluster               : Monitor thread successfully connected to server with description ServerDescription{address=localhost:27017, type=STANDALONE, state=CONNECTED, ok=true, minWireVersion=0, maxWireVersion=17, maxDocumentSize=16777216, logicalSessionTimeoutMinutes=30, roundTripTimeNanos=4259800}
2023-02-14 19:54:31.608  INFO 5980 --- [    Test worker] o.s.s.concurrent.ThreadPoolTaskExecutor  : Initializing ExecutorService 'applicationTaskExecutor'
2023-02-14 19:54:32.160  INFO 5980 --- [    Test worker] c.e.m.MongoTestGradleApplicationTests    : Started MongoTestGradleApplicationTests in 4.413 seconds (JVM running for 6.782)
]]></system-out>
  <system-err><![CDATA[]]></system-err>
</testsuite>
